<?xml version="1.0" encoding="UTF-8"?>
<!-- Generated by org.testng.reporters.JUnitReportReporter -->
<testsuite hostname="Spectra007" failures="0" tests="3" name="TestBasics.FirstTest" time="0.023" errors="0" timestamp="2023-11-28T22:04:09 IST" skipped="0">
  <testcase classname="TestBasics.FirstTest" name="f" time="0.013"/>
  <system-out/>
  <testcase classname="TestBasics.FirstTest" name="a" time="0.003"/>
  <system-out/>
  <testcase classname="TestBasics.FirstTest" name="b" time="0.007"/>
  <system-out/>
</testsuite> <!-- TestBasics.FirstTest -->
