<?xml version="1.0" encoding="UTF-8"?>
<!-- Generated by org.testng.reporters.JUnitReportReporter -->
<testsuite hostname="Spectra007" failures="0" tests="1" name="TestBasics.SoftAssertSimpleform" time="0.528" errors="0" timestamp="2023-11-04T14:23:41 IST" skipped="0">
  <testcase classname="TestBasics.SoftAssertSimpleform" name="softSimpleform" time="0.528"/>
  <system-out/>
</testsuite> <!-- TestBasics.SoftAssertSimpleform -->
