<?xml version="1.0" encoding="UTF-8"?>
<!-- Generated by org.testng.reporters.JUnitReportReporter -->
<testsuite hostname="Spectra007" failures="0" tests="1" name="MiniProject.ProjectClient" time="6.635" errors="0" timestamp="2023-11-30T21:12:33 IST" skipped="0">
  <testcase classname="MiniProject.ProjectClient" name="verifyclient" time="6.635"/>
  <system-out/>
</testsuite> <!-- MiniProject.ProjectClient -->
