<?xml version="1.0" encoding="UTF-8"?>
<!-- Generated by org.testng.reporters.JUnitReportReporter -->
<testsuite hostname="Spectra007" failures="0" tests="1" name="TestBasics.ExcelReadExample" time="5.824" errors="0" timestamp="2023-12-06T21:19:10 IST" skipped="0">
  <testcase classname="TestBasics.ExcelReadExample" name="verifyexcelread" time="5.824"/>
  <system-out/>
</testsuite> <!-- TestBasics.ExcelReadExample -->
