<?xml version="1.0" encoding="UTF-8"?>
<!-- Generated by org.testng.reporters.JUnitReportReporter -->
<testsuite hostname="Spectra007" failures="0" tests="1" name="TestBasics.AssertSimpleForm" time="0.552" errors="0" timestamp="2023-11-03T22:12:51 IST" skipped="0">
  <testcase classname="TestBasics.AssertSimpleForm" name="VerifySimpleForm" time="0.552"/>
  <system-out/>
</testsuite> <!-- TestBasics.AssertSimpleForm -->
