<?xml version="1.0" encoding="UTF-8"?>
<!-- Generated by org.testng.reporters.JUnitReportReporter -->
<testsuite hostname="Spectra007" failures="0" tests="1" name="TestBasics.SoftAssertSubmit" time="0.935" errors="0" timestamp="2023-11-04T08:58:43 IST" skipped="0">
  <testcase classname="TestBasics.SoftAssertSubmit" name="softAssertSub" time="0.935"/>
  <system-out/>
</testsuite> <!-- TestBasics.SoftAssertSubmit -->
