<?xml version="1.0" encoding="UTF-8"?>
<!-- Generated by org.testng.reporters.JUnitReportReporter -->
<testsuite hostname="Spectra007" failures="0" tests="1" name="MiniProject.SearchAndDelete" time="2.572" errors="0" timestamp="2023-12-01T20:35:36 IST" skipped="0">
  <testcase classname="MiniProject.SearchAndDelete" name="verifysearch" time="2.572"/>
  <system-out/>
</testsuite> <!-- MiniProject.SearchAndDelete -->
