<?xml version="1.0" encoding="UTF-8"?>
<!-- Generated by org.testng.reporters.JUnitReportReporter -->
<testsuite hostname="Spectra007" failures="0" tests="1" name="TestBasics.MercuryLogin" time="1.204" errors="0" timestamp="2023-11-02T21:55:15 IST" skipped="0">
  <testcase classname="TestBasics.MercuryLogin" name="VerifyLogin" time="1.204"/>
  <system-out/>
</testsuite> <!-- TestBasics.MercuryLogin -->
