<?xml version="1.0" encoding="UTF-8"?>
<!-- Generated by org.testng.reporters.JUnitReportReporter -->
<testsuite hostname="Spectra007" failures="0" tests="1" name="MiniProject.NewProject" time="3.292" errors="0" timestamp="2023-11-30T20:04:49 IST" skipped="0">
  <testcase classname="MiniProject.NewProject" name="verifyproject" time="3.292"/>
  <system-out/>
</testsuite> <!-- MiniProject.NewProject -->
