<?xml version="1.0" encoding="UTF-8"?>
<!-- Generated by org.testng.reporters.JUnitReportReporter -->
<testsuite hostname="Spectra007" failures="0" tests="1" name="MiniProject.ProjectItem" time="3.030" errors="0" timestamp="2023-11-30T20:15:02 IST" skipped="0">
  <testcase classname="MiniProject.ProjectItem" name="verifyitem" time="3.030"/>
  <system-out/>
</testsuite> <!-- MiniProject.ProjectItem -->
