<?xml version="1.0" encoding="UTF-8"?>
<!-- Generated by org.testng.reporters.JUnitReportReporter -->
<testsuite hostname="Spectra007" failures="0" tests="1" name="TestBasics.AssertSubmit" time="0.788" errors="0" timestamp="2023-11-03T22:00:51 IST" skipped="0">
  <testcase classname="TestBasics.AssertSubmit" name="VerifySubmit" time="0.788"/>
  <system-out/>
</testsuite> <!-- TestBasics.AssertSubmit -->
