<?xml version="1.0" encoding="UTF-8"?>
<!-- Generated by org.testng.reporters.JUnitReportReporter -->
<testsuite hostname="Spectra007" failures="0" tests="1" name="TestBasics.SoftAssertExample" time="0.018" errors="0" timestamp="2023-11-04T08:29:58 IST" skipped="0">
  <testcase classname="TestBasics.SoftAssertExample" name="softAssertEg" time="0.018"/>
  <system-out/>
</testsuite> <!-- TestBasics.SoftAssertExample -->
